# JRE version: OpenJDK Runtime Environment (8.0_222-b10) (build 1.8.0_222-8u222-b10-1ubuntu1~18.04.1-b10)
# Java VM: OpenJDK 64-Bit Server VM (25.222-b10 mixed mode linux-amd64 compressed oops)
Heap:
 PSYoungGen      total 756736K, used 32K [0x000000076d180000, 0x000000079d900000, 0x00000007c0000000)
  eden space 755712K, 0% used [0x000000076d180000,0x000000076d180000,0x000000079b380000)
  from space 1024K, 3% used [0x000000079b380000,0x000000079b388000,0x000000079b480000)
  to   space 1024K, 0% used [0x000000079b480000,0x000000079b480000,0x000000079b580000)
 ParOldGen       total 2717184K, used 1014213K [0x00000006c7400000, 0x000000076d180000, 0x000000076d180000)
  object space 2717184K, 37% used [0x00000006c7400000,0x0000000705271450,0x000000076d180000)
 Metaspace       used 2745K, capacity 4498K, committed 4864K, reserved 1056768K
  class space    used 277K, capacity 386K, committed 512K, reserved 1048576K
GC Heap History (10 events):
Event: 120.889 GC heap after
Heap after GC invocations=106 (full 87):
 PSYoungGen      total 267776K, used 0K [0x000000076d180000, 0x0000000784b00000, 0x00000007c0000000)
  eden space 266752K, 0% used [0x000000076d180000,0x000000076d180000,0x000000077d600000)
  from space 1024K, 0% used [0x000000077d700000,0x000000077d700000,0x000000077d800000)
  to   space 1024K, 0% used [0x000000077d600000,0x000000077d600000,0x000000077d700000)
 ParOldGen       total 2717184K, used 326799K [0x00000006c7400000, 0x000000076d180000, 0x000000076d180000)
  object space 2717184K, 12% used [0x00000006c7400000,0x00000006db323e70,0x000000076d180000)
 Metaspace       used 2745K, capacity 4498K, committed 4864K, reserved 1056768K
  class space    used 277K, capacity 386K, committed 512K, reserved 1048576K
}
Event: 120.991 GC heap before
{Heap before GC invocations=107 (full 87):
 PSYoungGen      total 267776K, used 234589K [0x000000076d180000, 0x0000000784b00000, 0x00000007c0000000)
  eden space 266752K, 87% used [0x000000076d180000,0x000000077b697740,0x000000077d600000)
  from space 1024K, 0% used [0x000000077d700000,0x000000077d700000,0x000000077d800000)
  to   space 1024K, 0% used [0x000000077d600000,0x000000077d600000,0x000000077d700000)
 ParOldGen       total 2717184K, used 326799K [0x00000006c7400000, 0x000000076d180000, 0x000000076d180000)
  object space 2717184K, 12% used [0x00000006c7400000,0x00000006db323e70,0x000000076d180000)
 Metaspace       used 2745K, capacity 4498K, committed 4864K, reserved 1056768K
  class space    used 277K, capacity 386K, committed 512K, reserved 1048576K
Event: 121.047 GC heap after
Heap after GC invocations=107 (full 87):
 PSYoungGen      total 267776K, used 32K [0x000000076d180000, 0x0000000788480000, 0x00000007c0000000)
  eden space 266752K, 0% used [0x000000076d180000,0x000000076d180000,0x000000077d600000)
  from space 1024K, 3% used [0x000000077d600000,0x000000077d608000,0x000000077d700000)
  to   space 1024K, 0% used [0x0000000788380000,0x0000000788380000,0x0000000788480000)
 ParOldGen       total 2717184K, used 556091K [0x00000006c7400000, 0x000000076d180000, 0x000000076d180000)
  object space 2717184K, 20% used [0x00000006c7400000,0x00000006e930ec78,0x000000076d180000)
 Metaspace       used 2745K, capacity 4498K, committed 4864K, reserved 1056768K
  class space    used 277K, capacity 386K, committed 512K, reserved 1048576K
}
Event: 121.150 GC heap before
{Heap before GC invocations=108 (full 87):
 PSYoungGen      total 267776K, used 234534K [0x000000076d180000, 0x0000000788480000, 0x00000007c0000000)
  eden space 266752K, 87% used [0x000000076d180000,0x000000077b681b10,0x000000077d600000)
  from space 1024K, 3% used [0x000000077d600000,0x000000077d608000,0x000000077d700000)
  to   space 1024K, 0% used [0x0000000788380000,0x0000000788380000,0x0000000788480000)
 ParOldGen       total 2717184K, used 556091K [0x00000006c7400000, 0x000000076d180000, 0x000000076d180000)
  object space 2717184K, 20% used [0x00000006c7400000,0x00000006e930ec78,0x000000076d180000)
 Metaspace       used 2745K, capacity 4498K, committed 4864K, reserved 1056768K
  class space    used 277K, capacity 386K, committed 512K, reserved 1048576K
Event: 121.178 GC heap after
Heap after GC invocations=108 (full 87):
 PSYoungGen      total 444416K, used 32K [0x000000076d180000, 0x0000000788f00000, 0x00000007c0000000)
  eden space 443392K, 0% used [0x000000076d180000,0x000000076d180000,0x0000000788280000)
  from space 1024K, 3% used [0x0000000788380000,0x0000000788388000,0x0000000788480000)
  to   space 1024K, 0% used [0x0000000788280000,0x0000000788280000,0x0000000788380000)
 ParOldGen       total 2717184K, used 670700K [0x00000006c7400000, 0x000000076d180000, 0x000000076d180000)
  object space 2717184K, 24% used [0x00000006c7400000,0x00000006f02fb300,0x000000076d180000)
 Metaspace       used 2745K, capacity 4498K, committed 4864K, reserved 1056768K
  class space    used 277K, capacity 386K, committed 512K, reserved 1048576K
}
Event: 121.448 GC heap before
{Heap before GC invocations=109 (full 87):
 PSYoungGen      total 444416K, used 352492K [0x000000076d180000, 0x0000000788f00000, 0x00000007c0000000)
  eden space 443392K, 79% used [0x000000076d180000,0x00000007829b3090,0x0000000788280000)
  from space 1024K, 3% used [0x0000000788380000,0x0000000788388000,0x0000000788480000)
  to   space 1024K, 0% used [0x0000000788280000,0x0000000788280000,0x0000000788380000)
 ParOldGen       total 2717184K, used 670700K [0x00000006c7400000, 0x000000076d180000, 0x000000076d180000)
  object space 2717184K, 24% used [0x00000006c7400000,0x00000006f02fb300,0x000000076d180000)
 Metaspace       used 2745K, capacity 4498K, committed 4864K, reserved 1056768K
  class space    used 277K, capacity 386K, committed 512K, reserved 1048576K
Event: 121.496 GC heap after
Heap after GC invocations=109 (full 87):
 PSYoungGen      total 444416K, used 32K [0x000000076d180000, 0x000000079b580000, 0x00000007c0000000)
  eden space 443392K, 0% used [0x000000076d180000,0x000000076d180000,0x0000000788280000)
  from space 1024K, 3% used [0x0000000788280000,0x0000000788288000,0x0000000788380000)
  to   space 1024K, 0% used [0x000000079b480000,0x000000079b480000,0x000000079b580000)
 ParOldGen       total 2717184K, used 785263K [0x00000006c7400000, 0x000000076d180000, 0x000000076d180000)
  object space 2717184K, 28% used [0x00000006c7400000,0x00000006f72dbfc8,0x000000076d180000)
 Metaspace       used 2745K, capacity 4498K, committed 4864K, reserved 1056768K
  class space    used 277K, capacity 386K, committed 512K, reserved 1048576K
}
Event: 121.647 GC heap before
{Heap before GC invocations=110 (full 87):
 PSYoungGen      total 444416K, used 352332K [0x000000076d180000, 0x000000079b580000, 0x00000007c0000000)
  eden space 443392K, 79% used [0x000000076d180000,0x000000078298b3c8,0x0000000788280000)
  from space 1024K, 3% used [0x0000000788280000,0x0000000788288000,0x0000000788380000)
  to   space 1024K, 0% used [0x000000079b480000,0x000000079b480000,0x000000079b580000)
 ParOldGen       total 2717184K, used 785263K [0x00000006c7400000, 0x000000076d180000, 0x000000076d180000)
  object space 2717184K, 28% used [0x00000006c7400000,0x00000006f72dbfc8,0x000000076d180000)
 Metaspace       used 2745K, capacity 4498K, committed 4864K, reserved 1056768K
  class space    used 277K, capacity 386K, committed 512K, reserved 1048576K
Event: 121.780 GC heap after
Heap after GC invocations=110 (full 87):
 PSYoungGen      total 756736K, used 64K [0x000000076d180000, 0x000000079d900000, 0x00000007c0000000)
  eden space 755712K, 0% used [0x000000076d180000,0x000000076d180000,0x000000079b380000)
  from space 1024K, 6% used [0x000000079b480000,0x000000079b490000,0x000000079b580000)
  to   space 1024K, 0% used [0x000000079b380000,0x000000079b380000,0x000000079b480000)
 ParOldGen       total 2717184K, used 899782K [0x00000006c7400000, 0x000000076d180000, 0x000000076d180000)
  object space 2717184K, 33% used [0x00000006c7400000,0x00000006fe2b1858,0x000000076d180000)
 Metaspace       used 2745K, capacity 4498K, committed 4864K, reserved 1056768K
  class space    used 277K, capacity 386K, committed 512K, reserved 1048576K
}
Event: 122.480 GC heap before
{Heap before GC invocations=111 (full 87):
 PSYoungGen      total 756736K, used 701666K [0x000000076d180000, 0x000000079d900000, 0x00000007c0000000)
  eden space 755712K, 92% used [0x000000076d180000,0x0000000797ea8ad0,0x000000079b380000)
  from space 1024K, 6% used [0x000000079b480000,0x000000079b490000,0x000000079b580000)
  to   space 1024K, 0% used [0x000000079b380000,0x000000079b380000,0x000000079b480000)
 ParOldGen       total 2717184K, used 899782K [0x00000006c7400000, 0x000000076d180000, 0x000000076d180000)
  object space 2717184K, 33% used [0x00000006c7400000,0x00000006fe2b1858,0x000000076d180000)
 Metaspace       used 2745K, capacity 4498K, committed 4864K, reserved 1056768K
  class space    used 277K, capacity 386K, committed 512K, reserved 1048576K

